[30;43m=== [sam. 30 août 2025 10:06:49 CEST] Début de la maintenance ===[0m
[0;34m--- Mise à jour des dépôts ---[0m
Hit:1 https://dl.google.com/linux/chrome/deb stable InRelease
Hit:2 https://deb.opera.com/opera-stable stable InRelease
Hit:3 https://ppa.launchpadcontent.net/gns3/ppa/ubuntu noble InRelease
Hit:4 http://archive.ubuntu.com/ubuntu noble InRelease
Hit:5 http://archive.ubuntu.com/ubuntu noble-updates InRelease
Hit:6 http://archive.ubuntu.com/ubuntu noble-backports InRelease
Hit:7 http://security.ubuntu.com/ubuntu noble-security InRelease
Reading package lists...
[0;34m--- Mise à jour des paquets trouvés ---[0m
Reading package lists...
Building dependency tree...
Reading state information...
Calculating upgrade...
0 upgraded, 0 newly installed, 0 to remove and 0 not upgraded.
[0;34m--- Nettoyage des paquets inutiles  ---[0m
Reading package lists...
Building dependency tree...
Reading state information...
0 upgraded, 0 newly installed, 0 to remove and 0 not upgraded.
Reading package lists...
Building dependency tree...
Reading state information...
[0;34m--- Vérification VMware  ---[0m
[0;32m[VMware] Modules déjà en place, rien à faire.[0m
[0;34m--- Vérification de l'espace disque ---[0m
[0;32m/dev/sdd2 (/) → 53% utilisé[0m
[0;32m/dev/sdd1 (/boot/efi) → 3% utilisé[0m
[0;32m/dev/sdb1 (/home/mirhazka/Data) → 4% utilisé[0m
[0;34m--- Vérification de la mémoire ---[0m
[0;32m[RAM] Disponible : 28684 Mi / 32005 Mi --> BIEN[0m
[30;43m=== [sam. 30 août 2025 10:07:19 CEST] Maintenance terminée ===[0m
